C51 COMPILER V9.60.0.0   FONT                                                              08/16/2020 23:48:32 PAGE 1   


C51 COMPILER V9.60.0.0, COMPILATION OF MODULE FONT
OBJECT MODULE PLACED IN .\Objects\Font.obj
COMPILER INVOKED BY: D:\KEI5_C51\C51\BIN\C51.EXE OLED\Font.c LARGE OPTIMIZE(8,SPEED) BROWSE INCDIR(.\IIC;.\OLED;.\JIDIAN
                    -QI;.\KEY;.\UART;.\AS608;.\USER) DEBUG OBJECTEXTEND PRINT(.\Listings\Font.lst) TABS(2) OBJECT(.\Objects\Font.obj)

line level    source

   1          #include "font.h"
   2          
   3          //请输入6位密码
   4          unsigned char code wordMessage[][32] = 
   5          {
   6          {0x40,0x42,0xCC,0x00,0x00,0x44,0x54,0x54,0x54,0x7F,0x54,0x54,0x54,0x44,0x40,0x00},
   7          {0x00,0x00,0x7F,0x20,0x10,0x00,0xFF,0x15,0x15,0x15,0x55,0x95,0x7F,0x00,0x00,0x00},  /*请*/
   8          
   9          {0x88,0x68,0x1F,0xC8,0x08,0x10,0xC8,0x54,0x52,0xD1,0x12,0x94,0x08,0xD0,0x10,0x00},
  10          {0x09,0x19,0x09,0xFF,0x05,0x00,0xFF,0x12,0x92,0xFF,0x00,0x5F,0x80,0x7F,0x00,0x00}, /*输*/
  11          
  12          {0x00,0x00,0x00,0x00,0x00,0x01,0xE2,0x1C,0xE0,0x00,0x00,0x00,0x00,0x00,0x00,0x00},
  13          {0x80,0x40,0x20,0x10,0x0C,0x03,0x00,0x00,0x00,0x03,0x0C,0x30,0x40,0x80,0x80,0x00},  /*入*/
  14          
  15          {0x00,0x00,0x00,0xFE,0xFE,0xC6,0xC6,0xC6,0xC6,0xCE,0xCE,0x00,0x00,0x00,0x00,0x00},
  16          {0x00,0x00,0x00,0x3F,0x3F,0x30,0x30,0x30,0x30,0x3F,0x3F,0x00,0x00,0x00,0x00,0x00},  /*6*/
  17          
  18          {0x00,0x80,0x60,0xF8,0x07,0x10,0x90,0x10,0x11,0x16,0x10,0x10,0xD0,0x10,0x00,0x00},  /*位*/
  19          {0x01,0x00,0x00,0xFF,0x40,0x40,0x41,0x5E,0x40,0x40,0x70,0x4E,0x41,0x40,0x40,0x00},
  20          
  21          
  22          
  23          {0x10,0x8C,0x44,0x04,0xE4,0x04,0x95,0xA6,0x44,0x24,0x14,0x84,0x44,0x94,0x0C,0x00},
  24          {0x02,0x02,0x7A,0x41,0x41,0x43,0x42,0x7E,0x42,0x42,0x42,0x43,0xF8,0x00,0x00,0x00}, /*密*/
  25          
  26          {0x04,0x84,0xE4,0x5C,0x44,0xC4,0x00,0x02,0xF2,0x82,0x82,0x82,0xFE,0x80,0x80,0x00},
  27          {0x02,0x01,0x7F,0x10,0x10,0x3F,0x00,0x08,0x08,0x08,0x08,0x48,0x88,0x40,0x3F,0x00} /*码*/
  28          };
  29          
  30          //新 旧
  31          unsigned char code newAndold[][32] = 
  32          {
  33          {0x40,0x44,0x54,0x65,0xC6,0x64,0x54,0x44,0x00,0xFC,0x44,0x44,0xC4,0x42,0x40,0x00},
  34          {0x20,0x12,0x4A,0x82,0x7F,0x02,0x0A,0x92,0x60,0x1F,0x00,0x00,0xFF,0x00,0x00,0x00},
  35          
  36          {0x00,0x00,0xFF,0x00,0x00,0x00,0xFE,0x82,0x82,0x82,0x82,0x82,0x82,0xFE,0x00,0x00},
  37          {0x00,0x00,0xFF,0x00,0x00,0x00,0x7F,0x20,0x20,0x20,0x20,0x20,0x20,0x7F,0x00,0x00}
  38          };
  39          
  40          //密码错误
  41          unsigned char code errorMessage[][32] =
  42          {
  43          {0x10,0x8C,0x44,0x04,0xE4,0x04,0x95,0xA6,0x44,0x24,0x14,0x84,0x44,0x94,0x0C,0x00},
  44          {0x02,0x02,0x7A,0x41,0x41,0x43,0x42,0x7E,0x42,0x42,0x42,0x43,0xF8,0x00,0x00,0x00}, /*密*/
  45          
  46          {0x04,0x84,0xE4,0x5C,0x44,0xC4,0x00,0x02,0xF2,0x82,0x82,0x82,0xFE,0x80,0x80,0x00},
  47          {0x02,0x01,0x7F,0x10,0x10,0x3F,0x00,0x08,0x08,0x08,0x08,0x48,0x88,0x40,0x3F,0x00}, /*码*/
  48          
  49          {0x40,0x30,0xEF,0x24,0x64,0x48,0x48,0x7F,0x48,0x48,0x48,0x7F,0x48,0x48,0x40,0x00},  /*错*/
  50          {0x01,0x01,0x7F,0x21,0x11,0x00,0xFF,0x49,0x49,0x49,0x49,0x49,0xFF,0x00,0x00,0x00},
  51          
  52          {0x40,0x42,0xCC,0x00,0x00,0x80,0x9E,0x92,0x92,0x92,0x92,0x92,0x9E,0x80,0x00,0x00},  /*误*/
  53          {0x00,0x00,0x7F,0x20,0x94,0x84,0x44,0x24,0x14,0x0F,0x14,0x24,0x44,0x84,0x84,0x00}
  54          };
C51 COMPILER V9.60.0.0   FONT                                                              08/16/2020 23:48:32 PAGE 2   

  55          
  56          //0 -- 9
  57          unsigned char code Number[][32] = 
  58          {
  59          {0x00,0x00,0x00,0xE0,0xF0,0x18,0x1C,0x1C,0x1C,0x18,0xF0,0xE0,0x00,0x00,0x00,0x00},   /*0*/
  60          {0x00,0x00,0x00,0x1F,0x3F,0x30,0x70,0x70,0x70,0x30,0x3F,0x1F,0x00,0x00,0x00,0x00},
  61          
  62          {0x00,0x00,0x00,0x00,0x3C,0x3C,0x0C,0xFC,0xFC,0x00,0x00,0x00,0x00,0x00,0x00,0x00},  /*1*/
  63          {0x00,0x00,0x00,0x30,0x30,0x30,0x30,0x3F,0x3F,0x30,0x30,0x30,0x00,0x00,0x00,0x00},
  64          
  65          {0x00,0x00,0x00,0x00,0x8C,0x8C,0x8C,0x8C,0xFC,0xFC,0x00,0x00,0x00,0x00,0x00,0x00},   /*2*/
  66          {0x00,0x00,0x00,0x00,0x3F,0x3F,0x31,0x31,0x31,0x31,0x00,0x00,0x00,0x00,0x00,0x00},
  67          
  68          {0x00,0x00,0x00,0x00,0x00,0x00,0x00,0x00,0x00,0x30,0x08,0x08,0x08,0x88,0x70,0x00},  /*3*/
  69          {0x00,0x00,0x18,0x20,0x21,0x21,0x22,0x1C,0x00,0x00,0x00,0x00,0x00,0x00,0x00,0x00},
  70          
  71          {0x00,0x00,0x00,0x00,0x00,0x00,0x00,0x00,0x00,0x00,0x80,0x40,0x30,0xF8,0x00,0x00}, /*4*/
  72          {0x00,0x06,0x05,0x24,0x24,0x3F,0x24,0x24,0x00,0x00,0x00,0x00,0x00,0x00,0x00,0x00},
  73          
  74          
  75          
  76          {0x00,0x00,0x00,0x00,0x00,0x00,0x00,0x00,0x00,0xF8,0x88,0x88,0x88,0x08,0x08,0x00}, /*5*/
  77          {0x00,0x19,0x20,0x20,0x20,0x11,0x0E,0x00,0x00,0x00,0x00,0x00,0x00,0x00,0x00,0x00},
  78          
  79          {0x00,0x00,0x00,0x00,0x00,0x00,0x00,0x00,0x00,0xE0,0x10,0x88,0x88,0x90,0x00,0x00}, /*6*/
  80          {0x00,0x0F,0x11,0x20,0x20,0x20,0x1F,0x00,0x00,0x00,0x00,0x00,0x00,0x00,0x00,0x00},
  81          
  82          {0x00,0x00,0x00,0x00,0x00,0x00,0x00,0x00,0x00,0x18,0x08,0x08,0x88,0x68,0x18,0x00}, /*7*/
  83          {0x00,0x00,0x00,0x3E,0x01,0x00,0x00,0x00,0x00,0x00,0x00,0x00,0x00,0x00,0x00,0x00},
  84          
  85          {0x00,0x00,0x00,0x00,0x00,0x00,0x00,0x00,0x00,0x70,0x88,0x08,0x08,0x88,0x70,0x00}, /*8*/
  86          {0x00,0x1C,0x22,0x21,0x21,0x22,0x1C,0x00,0x00,0x00,0x00,0x00,0x00,0x00,0x00,0x00},
  87          
  88          {0x00,0x00,0x00,0x00,0x00,0x00,0x00,0x00,0x00,0xF0,0x08,0x08,0x08,0x10,0xE0,0x00}, /*9*/
  89          {0x00,0x01,0x12,0x22,0x22,0x11,0x0F,0x00,0x00,0x00,0x00,0x00,0x00,0x00,0x00,0x00}
  90          };
  91          
  92          //*
  93          unsigned char code maskMessage[][32] = 
  94          {
  95          {0x00,0x00,0x80,0x88,0x90,0xA0,0xC0,0xFC,0xC0,0xA0,0x90,0x88,0x80,0x80,0x00,0x00},
  96          {0x00,0x00,0x00,0x08,0x04,0x02,0x01,0x3F,0x01,0x02,0x04,0x08,0x00,0x00,0x00,0x00}
  97          };
  98          
  99          /*请按下手指*/
 100          unsigned char code mikorMessage[][32] = 
 101          {
 102          {0x40,0x42,0xCC,0x00,0x00,0x44,0x54,0x54,0x54,0x7F,0x54,0x54,0x54,0x44,0x40,0x00},   
 103          {0x00,0x00,0x7F,0x20,0x10,0x00,0xFF,0x15,0x15,0x15,0x55,0x95,0x7F,0x00,0x00,0x00},
 104          
 105          {0x10,0x10,0x10,0xFF,0x90,0x20,0x98,0x88,0x88,0xE9,0x8E,0x88,0x88,0xA8,0x98,0x00},
 106          {0x02,0x42,0x81,0x7F,0x00,0x00,0x80,0x84,0x4B,0x28,0x10,0x28,0x47,0x80,0x00,0x00},
 107          
 108          {0x02,0x02,0x02,0x02,0x02,0x02,0xFE,0x02,0x02,0x42,0x82,0x02,0x02,0x02,0x02,0x00},
 109          {0x00,0x00,0x00,0x00,0x00,0x00,0xFF,0x00,0x00,0x00,0x00,0x01,0x06,0x00,0x00,0x00},
 110          
 111          {0x00,0x00,0x24,0x24,0x24,0x24,0x24,0xFC,0x22,0x22,0x22,0x23,0x22,0x00,0x00,0x00},
 112          {0x02,0x02,0x02,0x02,0x02,0x42,0x82,0x7F,0x02,0x02,0x02,0x02,0x02,0x02,0x02,0x00},
 113          
 114          {0x10,0x10,0x10,0xFF,0x10,0x90,0x00,0x3F,0x48,0x48,0x44,0x44,0x44,0x42,0x70,0x00},
 115          {0x04,0x44,0x82,0x7F,0x01,0x00,0x00,0xFF,0x49,0x49,0x49,0x49,0x49,0xFF,0x00,0x00}
 116          
C51 COMPILER V9.60.0.0   FONT                                                              08/16/2020 23:48:32 PAGE 3   

 117          };
 118          
 119          //修改成功
 120          unsigned char code ChangeMessage[][32] = 
 121          {
 122          {0x40,0x20,0xF8,0x07,0xF0,0xA0,0x90,0x4C,0x57,0x24,0xA4,0x54,0x4C,0x80,0x80,0x00},
 123          {0x00,0x00,0xFF,0x00,0x1F,0x80,0x92,0x52,0x49,0x29,0x24,0x12,0x08,0x00,0x00,0x00},
 124          
 125          {0x04,0x84,0x84,0x84,0x84,0xFC,0x40,0x30,0xCC,0x0B,0x08,0x08,0xF8,0x08,0x08,0x00},
 126          {0x00,0x7F,0x20,0x10,0x10,0x08,0x80,0x40,0x21,0x16,0x08,0x16,0x21,0x40,0x80,0x00},
 127          
 128          {0x00,0x00,0xF8,0x88,0x88,0x88,0x88,0x08,0x08,0xFF,0x08,0x09,0x0A,0xC8,0x08,0x00},
 129          {0x80,0x60,0x1F,0x00,0x10,0x20,0x1F,0x80,0x40,0x21,0x16,0x18,0x26,0x41,0xF8,0x00},
 130          
 131          {0x08,0x08,0x08,0xF8,0x08,0x08,0x08,0x10,0x10,0xFF,0x10,0x10,0x10,0xF0,0x00,0x00},
 132          {0x10,0x30,0x10,0x1F,0x08,0x88,0x48,0x30,0x0E,0x01,0x40,0x80,0x40,0x3F,0x00,0x00}
 133          };
 134          
 135          //录入成功
 136          unsigned char code OkMessage[][32] = 
 137          {
 138          {0x80,0x80,0x82,0x92,0x92,0x92,0x92,0x92,0x92,0x92,0x92,0xFE,0x80,0x80,0x80,0x00},
 139          {0x40,0x40,0x22,0x24,0x10,0x48,0x80,0x7F,0x04,0x08,0x18,0x24,0x22,0x40,0x40,0x00},
 140            
 141          {0x80,0x80,0x82,0x92,0x92,0x92,0x92,0x92,0x92,0x92,0x92,0xFE,0x80,0x80,0x80,0x00},
 142          {0x40,0x40,0x22,0x24,0x10,0x48,0x80,0x7F,0x04,0x08,0x18,0x24,0x22,0x40,0x40,0x00},
 143          
 144          {0x00,0x00,0x00,0x00,0x00,0x01,0xE2,0x1C,0xE0,0x00,0x00,0x00,0x00,0x00,0x00,0x00},
 145          {0x80,0x40,0x20,0x10,0x0C,0x03,0x00,0x00,0x00,0x03,0x0C,0x30,0x40,0x80,0x80,0x00},
 146          
 147          {0x08,0x08,0x08,0xF8,0x08,0x08,0x08,0x10,0x10,0xFF,0x10,0x10,0x10,0xF0,0x00,0x00},
 148          {0x10,0x30,0x10,0x1F,0x08,0x88,0x48,0x30,0x0E,0x01,0x40,0x80,0x40,0x3F,0x00,0x00}
 149          };
 150          //超级密码
 151          unsigned char code super[][32] =
 152          {
 153          {0x40,0x48,0x48,0x48,0xFF,0x48,0x48,0x42,0xA2,0x9E,0x82,0xA2,0xC2,0xBE,0x00,0x00},
 154          {0x80,0x60,0x1F,0x20,0x7F,0x44,0x44,0x40,0x4F,0x48,0x48,0x48,0x48,0x4F,0x40,0x00},
 155          
 156          {0x20,0x30,0xAC,0x63,0x30,0x00,0x02,0x02,0xFE,0x02,0x02,0x62,0x5A,0xC6,0x00,0x00},
 157          {0x22,0x67,0x22,0x12,0x12,0x40,0x30,0x8F,0x80,0x43,0x2C,0x10,0x2C,0x43,0x80,0x00},
 158          
 159          {0x10,0x8C,0x44,0x04,0xE4,0x04,0x95,0xA6,0x44,0x24,0x14,0x84,0x44,0x94,0x0C,0x00},
 160          {0x02,0x02,0x7A,0x41,0x41,0x43,0x42,0x7E,0x42,0x42,0x42,0x43,0xF8,0x00,0x00,0x00},
 161          
 162          {0x04,0x84,0xE4,0x5C,0x44,0xC4,0x00,0x02,0xF2,0x82,0x82,0x82,0xFE,0x80,0x80,0x00},
 163          {0x02,0x01,0x7F,0x10,0x10,0x3F,0x00,0x08,0x08,0x08,0x08,0x48,0x88,0x40,0x3F,0x00} /*码*/
 164          };
 165          
 166          //欢迎大哥
 167          unsigned char code entryMessage[][32] = 
 168          {
 169          {0x04,0x24,0x44,0x84,0x64,0x9C,0x40,0x30,0x0F,0xC8,0x08,0x08,0x28,0x18,0x00,0x00},   /*欢*/
 170          {0x10,0x08,0x06,0x01,0x82,0x4C,0x20,0x18,0x06,0x01,0x06,0x18,0x20,0x40,0x80,0x00},
 171          
 172          {0x40,0x40,0x42,0xCC,0x00,0x00,0xFC,0x04,0x02,0x00,0xFC,0x04,0x04,0xFC,0x00,0x00},
 173          {0x00,0x40,0x20,0x1F,0x20,0x40,0x4F,0x44,0x42,0x40,0x7F,0x42,0x44,0x43,0x40,0x00},    /*迎*/
 174          
 175          {0x20,0x20,0x20,0x20,0x20,0x20,0x20,0xFF,0x20,0x20,0x20,0x20,0x20,0x20,0x20,0x00},
 176          {0x80,0x80,0x40,0x20,0x10,0x0C,0x03,0x00,0x03,0x0C,0x10,0x20,0x40,0x80,0x80,0x00},     /*大*/
 177          
 178          {0x00,0x02,0x02,0x7A,0x4A,0x4A,0x4A,0x4A,0x7A,0x02,0x02,0x7E,0x02,0x02,0x00,0x00},    /*哥*/
C51 COMPILER V9.60.0.0   FONT                                                              08/16/2020 23:48:32 PAGE 4   

 179          {0x01,0x01,0x01,0x3D,0x25,0x25,0x25,0x25,0x3D,0x41,0x81,0x7F,0x01,0x01,0x01,0x00}
 180          };
 181          /*开机显示*/
 182          unsigned char code Firstword[] =
 183          {
 184          0x00,0x00,0x00,0x00,0x00,0x00,0x00,0x00,0x00,0x00,0x00,0x00,0x00,0x00,0x00,0x00,
 185          0x00,0x00,0x00,0x00,0x00,0x00,0x00,0x00,0x00,0x00,0x00,0x00,0x00,0x00,0x00,0x00,
 186          0x00,0x00,0x00,0x00,0x00,0x00,0x00,0x00,0x00,0x00,0x00,0x00,0x00,0x00,0x00,0x00,
 187          0x80,0x80,0x00,0x00,0x00,0x00,0x00,0x80,0x80,0x80,0x80,0x80,0x00,0x80,0x80,0x80,
 188          0x80,0x80,0x00,0x00,0x00,0x00,0x80,0x00,0x00,0x00,0x00,0x00,0x80,0x00,0x00,0x00,
 189          0x00,0x00,0x00,0x00,0x00,0x80,0x00,0x00,0x00,0x00,0x00,0x00,0x00,0x00,0x00,0x00,
 190          0x00,0x00,0x00,0x00,0x00,0x00,0x00,0x00,0x00,0x00,0x00,0x00,0x00,0x00,0x00,0x00,
 191          0x00,0x00,0x00,0x00,0x00,0x00,0x00,0x00,0x00,0x00,0x00,0x00,0x00,0x00,0x00,0x00,
 192          0x00,0x00,0x00,0x00,0x00,0x00,0x00,0x00,0x00,0x00,0x00,0x00,0x00,0x00,0x00,0x00,
 193          0x00,0x00,0x00,0x00,0x00,0x00,0x00,0x00,0x00,0x00,0x00,0x00,0x00,0x00,0x00,0xC0,
 194          0x70,0x4E,0x41,0x4E,0x70,0xC0,0x00,0x00,0x00,0x00,0x40,0x2B,0xA5,0x11,0x3D,0x31,
 195          0xAB,0x2D,0x2D,0x35,0x03,0x85,0x1B,0x30,0xFC,0x17,0x10,0xF0,0x00,0x9E,0x96,0x90,
 196          0x90,0x9F,0xF0,0x00,0x32,0x2E,0xFB,0xA2,0x86,0xF2,0x56,0xF5,0x04,0xE7,0x02,0xF4,
 197          0x04,0x00,0x00,0x00,0x80,0x60,0x39,0x06,0x18,0x60,0x80,0x00,0x00,0x00,0x00,0x00,
 198          0x00,0x00,0x00,0x00,0x00,0x00,0x00,0x00,0x00,0x00,0x00,0x00,0x00,0x00,0x00,0x00,
 199          0x00,0x00,0x00,0x00,0x00,0x00,0x00,0x00,0x00,0x00,0x00,0x00,0x00,0x00,0x00,0x00,
 200          0x00,0x00,0x00,0x00,0x00,0x38,0x7C,0x7C,0x7C,0x7C,0x7C,0x7C,0x7C,0x7C,0x7C,0x7C,
 201          0x7C,0x7C,0x7C,0x7C,0x7C,0x7C,0x7C,0x7C,0x7C,0x7C,0x7C,0x7C,0x7C,0x7C,0x7E,0x7D,
 202          0x7C,0x7C,0x7C,0x7C,0x7C,0x39,0x02,0x00,0x03,0x03,0x00,0x80,0x03,0x02,0x82,0x02,
 203          0x03,0x02,0x02,0x82,0x82,0x07,0x00,0x00,0x07,0x82,0x02,0x07,0x00,0x00,0x80,0x04,
 204          0x04,0x04,0x07,0x00,0x01,0x81,0x07,0x00,0x00,0x07,0x05,0x87,0x00,0x05,0x04,0x07,
 205          0x00,0x04,0x02,0x03,0x81,0x00,0x00,0x00,0x00,0x00,0x01,0x03,0x06,0x04,0x00,0x00,
 206          0x00,0x00,0x00,0x00,0x00,0x00,0x00,0x00,0x00,0x00,0x00,0x00,0x00,0x00,0x00,0x00,
 207          0x00,0x00,0x00,0x00,0x00,0x00,0x00,0x00,0x00,0x00,0x00,0x00,0x00,0x00,0x00,0x00,
 208          0x00,0x00,0x00,0x00,0x00,0x00,0x00,0x00,0x00,0x00,0x00,0x00,0x00,0x00,0x00,0x00,
 209          0x00,0x00,0x00,0x00,0x00,0x00,0x00,0x00,0x00,0x00,0x00,0x00,0x00,0x00,0xF8,0x86,
 210          0x02,0x01,0x01,0x01,0x02,0x00,0x00,0x00,0x00,0x42,0x22,0xFF,0x12,0x02,0xEF,0xA9,
 211          0xA9,0xA9,0xA9,0xA8,0xE8,0x06,0x00,0x6C,0x5B,0x2C,0xA4,0x82,0x1E,0x32,0xC2,0xC3,
 212          0x32,0x1E,0x02,0x32,0x2E,0xFB,0xA2,0x86,0xF2,0x56,0xF5,0x04,0xE7,0x02,0xF4,0x04,
 213          0x00,0x00,0x00,0x80,0x60,0x39,0x06,0x18,0x60,0x80,0x00,0x00,0x00,0x00,0x00,0x00,
 214          0x00,0x00,0x00,0x00,0x00,0x00,0x00,0x00,0x00,0x00,0x00,0x00,0x00,0x00,0x00,0x00,
 215          0x00,0x00,0x00,0x00,0x00,0x00,0x00,0x00,0x00,0x00,0x00,0x00,0x00,0x00,0x00,0x00,
 216          0x00,0x00,0x00,0x00,0x70,0xF8,0xF8,0xF8,0xF8,0xF8,0xF8,0xF8,0xF8,0xF8,0xF8,0xF8,
 217          0xF8,0xF8,0xF8,0xF8,0xF8,0xF8,0xF8,0xF8,0xF8,0xF8,0xF8,0xF8,0xF8,0xF8,0xF8,0xF9,
 218          0xFB,0xFA,0xFA,0xFA,0xF9,0x70,0x00,0x03,0x03,0x04,0x04,0x87,0x80,0x00,0x07,0x02,
 219          0x02,0x02,0x82,0x02,0x07,0x00,0x00,0x82,0x81,0x81,0x80,0x84,0x86,0x83,0x81,0x81,
 220          0x81,0x82,0x84,0x05,0x01,0x07,0x00,0x80,0x87,0x85,0x87,0x80,0x85,0x84,0x87,0x00,
 221          0x04,0x02,0x83,0x81,0x80,0x80,0x80,0x00,0x80,0x01,0x03,0x06,0x84,0x00,0x00,0x00,
 222          0x80,0x80,0x80,0x80,0x80,0x80,0x80,0x80,0x80,0x00,0x00,0x00,0x00,0x00,0x00,0x00,
 223          0x00,0x00,0x00,0x00,0x00,0x00,0x00,0x00,0x00,0x00,0x00,0x00,0x00,0x00,0x00,0x00,
 224          0x00,0x00,0x00,0x00,0x00,0x00,0x00,0x00,0x00,0x00,0x00,0x00,0x00,0x00,0x00,0x00,
 225          0x00,0x00,0x00,0x00,0x00,0x00,0x00,0x00,0x00,0x00,0x00,0x00,0x00,0x00,0xFF,0x01,
 226          0x01,0x01,0x01,0x02,0x86,0x78,0x00,0x00,0x00,0x00,0x02,0x0F,0xF5,0x57,0x57,0x55,
 227          0x57,0x57,0x55,0x77,0x05,0x0D,0x01,0x10,0x10,0xFF,0x10,0x00,0xBF,0x92,0x92,0xFF,
 228          0x92,0x92,0xBF,0x00,0x00,0x00,0xF0,0x17,0x14,0x14,0xD4,0x14,0x14,0x14,0x17,0xF0,
 229          0x00,0x10,0x0A,0xFC,0x96,0x97,0x95,0x94,0x95,0x97,0x95,0xFD,0x12,0x12,0x08,0x28,
 230          0x4A,0x8A,0x0A,0x8A,0xFA,0xCA,0x8A,0x8A,0x4F,0x28,0x00,0x00,0x00,0x00,0x00,0x00,
 231          0x00,0x00,0x00,0x00,0x00,0x00,0x00,0x00,0x00,0x00,0x00,0x00,0x00,0x00,0x00,0x00,
 232          0x00,0x00,0x00,0x70,0xF8,0xF8,0xF8,0xF8,0xF8,0xF8,0xF8,0xF8,0xF8,0xF8,0xF8,0xF8,
 233          0xF8,0xF8,0xF8,0xF8,0xF8,0xF8,0xF8,0xF8,0xF8,0xF8,0xF8,0xF8,0xF8,0xF8,0xFB,0xFA,
 234          0xFA,0xFA,0xFA,0xF9,0xF9,0x70,0x00,0x00,0x03,0x03,0x00,0x00,0x07,0x05,0x05,0x05,
 235          0x05,0x05,0x05,0x05,0x07,0x00,0x00,0x02,0x02,0x03,0x01,0x05,0x04,0x04,0x04,0x07,
 236          0x04,0x04,0x04,0x04,0x00,0x04,0x05,0x04,0x02,0x02,0x01,0x01,0x02,0x02,0x02,0x05,
 237          0x04,0x04,0x04,0x04,0x05,0x06,0x04,0x04,0x04,0x06,0x05,0x04,0x04,0x04,0x04,0x02,
 238          0x02,0x05,0x05,0x04,0x07,0x00,0x01,0x03,0x02,0x04,0x00,0x00,0x00,0x00,0x00,0x00,
 239          0x00,0x00,0x00,0x00,0x00,0x00,0x00,0x00,0x00,0x00,0x00,0x00,0x00,0x00,0x00,0x00,
 240          0x00,0x00,0x00,0x00,0x00,0x00,0x00,0x00,0x00,0x00,0x00,0x00,0x00,0x00,0x00,0x00,
C51 COMPILER V9.60.0.0   FONT                                                              08/16/2020 23:48:32 PAGE 5   

 241          0x00,0x00,0x00,0x00,0x00,0x00,0x00,0x00,0x00,0x00,0x00,0x00,0x00,0x00,0x00,0x00,
 242          0x00,0x00,0x00,0x00,0x00,0x00,0x00,0x00,0x00,0x00,0x00,0x00,0x00,0x00,0x00,0x00,
 243          0x00,0x00,0x00,0x00,0x00,0x00,0x00,0x00,0x00,0x00,0x00,0x00,0x00,0x00,0x00,0x00,
 244          0x00,0x00,0x00,0x00,0x00,0x00,0x00,0x00,0x00,0x00,0x00,0x00,0x00,0x00,0x00,0x00,
 245          0x00,0x00,0x00,0x00,0x00,0x00,0x00,0x00,0x00,0x00,0x00,0x00,0x00,0x00,0x00,0x00,
 246          0x00,0x00,0x00,0x00,0x00,0x00,0x00,0x00,0x00,0x00,0x00,0x00,0x00,0x00,0x00,0x00,
 247          0x00,0x00,0x00,0x00,0x00,0x00,0x00,0x00,0x00,0x00,0x00,0x00,0x00,0x00,0x00,0x00
 248          };
 249          unsigned char code superShow[] =
 250          {
 251          0x00,0x00,0x00,0x00,0x00,0x00,0x00,0x00,0x00,0x00,0x00,0x00,0x00,0x00,0x00,0x00,
 252          0x00,0x00,0x00,0x00,0x00,0x00,0x00,0x00,0x00,0x00,0x00,0x00,0x00,0x00,0x00,0x00,
 253          0x00,0x00,0x00,0x00,0x00,0x00,0x00,0x00,0x00,0x00,0x80,0x00,0x00,0x00,0x80,0x80,
 254          0x00,0x00,0x80,0x00,0x00,0x00,0x00,0x80,0x00,0x00,0x00,0x00,0x00,0x00,0x00,0x00,
 255          0x00,0x00,0x00,0x00,0x80,0x00,0x00,0x80,0x00,0x00,0x00,0x00,0x80,0x80,0x00,0x00,
 256          0x00,0x00,0x80,0x00,0x00,0x00,0x00,0x80,0x00,0x00,0x00,0x00,0x00,0x00,0x00,0x00,
 257          0x00,0x00,0x00,0x00,0x00,0x00,0x00,0x00,0x00,0x00,0x00,0x00,0x00,0x00,0x00,0x00,
 258          0x00,0x00,0x00,0x00,0x00,0x00,0x00,0x00,0x00,0x00,0x00,0x00,0x00,0x00,0x00,0x00,
 259          0x00,0x00,0x00,0x00,0x00,0x00,0x00,0x00,0x00,0x00,0x00,0x00,0x00,0x00,0x00,0x00,
 260          0x00,0x00,0x00,0x00,0x00,0x00,0x00,0x00,0x00,0x00,0x00,0x00,0x00,0x00,0x04,0x06,
 261          0x02,0xFF,0x00,0x00,0x00,0x00,0x00,0x00,0x02,0x02,0xFF,0x82,0x02,0xEF,0xAF,0xA9,
 262          0xAF,0xAD,0xAB,0xEF,0x00,0x04,0x04,0xFF,0x04,0x04,0xFC,0x00,0xFE,0x02,0x02,0x02,
 263          0xFE,0x00,0x42,0x22,0xFF,0x12,0x02,0xEF,0xA9,0xA9,0xA9,0xA9,0xA8,0xE8,0x06,0x00,
 264          0x6C,0x5B,0x2C,0xA4,0x82,0x1E,0x32,0xC2,0xC3,0x32,0x1E,0x02,0x00,0x00,0x00,0x00,
 265          0x00,0x00,0x00,0x00,0x00,0x00,0x00,0x00,0x00,0x00,0x00,0x00,0x00,0x00,0x00,0x00,
 266          0x00,0x00,0x00,0x00,0x00,0x00,0x00,0x00,0x00,0x00,0x00,0x00,0x00,0x00,0x00,0x00,
 267          0x00,0x00,0x00,0x00,0x00,0x38,0x7C,0x7C,0x7C,0x7C,0x7C,0x7C,0x7C,0x7C,0x7C,0x7C,
 268          0x7C,0x7C,0x7C,0x7C,0x7C,0x7C,0x7C,0x7C,0x7C,0x7C,0x7C,0x7C,0x7C,0x7C,0x7C,0x7C,
 269          0x7C,0x7F,0x7C,0x7C,0x7C,0x38,0x03,0x03,0x01,0x01,0x00,0x00,0x00,0x07,0x02,0x02,
 270          0x02,0x02,0x02,0x07,0x00,0x04,0x03,0x04,0x04,0x04,0x07,0x00,0x07,0x02,0x02,0x02,
 271          0x07,0x00,0x04,0x04,0x07,0x00,0x00,0x07,0x02,0x02,0x02,0x02,0x02,0x07,0x00,0x00,
 272          0x02,0x01,0x01,0x00,0x04,0x06,0x03,0x01,0x01,0x01,0x02,0x04,0x04,0x00,0x00,0x00,
 273          0x00,0x00,0x00,0x00,0x00,0x00,0x00,0x00,0x00,0x00,0x00,0x00,0x00,0x00,0x00,0x00,
 274          0x00,0x00,0x00,0x00,0x00,0x00,0x00,0x00,0x00,0x00,0x00,0x00,0x00,0x00,0x00,0x00,
 275          0x00,0x00,0x00,0x00,0x00,0x00,0x00,0x00,0x00,0x00,0x00,0x00,0x00,0x00,0x00,0x00,
 276          0x00,0x00,0x00,0x00,0x00,0x00,0x00,0x00,0x00,0x00,0x00,0x00,0x00,0x00,0x04,0x02,
 277          0x82,0x42,0x66,0x3C,0x00,0x00,0x00,0x00,0x20,0xFF,0x21,0xFF,0x20,0xFF,0x21,0xFF,
 278          0x20,0xFE,0x00,0xFF,0x00,0x00,0xFF,0x01,0x1D,0xF3,0x58,0x5C,0x53,0xF3,0x56,0x58,
 279          0x48,0x50,0x84,0x44,0xFF,0x24,0x04,0xDF,0x52,0x52,0x52,0x52,0x51,0xD1,0x0C,0x00,
 280          0xD8,0xB6,0x59,0x48,0x04,0x3C,0x64,0x85,0x86,0x64,0x3C,0x04,0x00,0x00,0x00,0x00,
 281          0x00,0x00,0x00,0x00,0x00,0x00,0x00,0x00,0x00,0x00,0x00,0x00,0x00,0x00,0x00,0x00,
 282          0x00,0x00,0x00,0x00,0x00,0x00,0x00,0x00,0x00,0x00,0x00,0x00,0x00,0x00,0x00,0x00,
 283          0x00,0x00,0x00,0x00,0x70,0xF8,0xF8,0xF8,0xF8,0xF8,0xF8,0xF8,0xF8,0xF8,0xF8,0xF8,
 284          0xF8,0xF8,0xF8,0xF8,0xF8,0xF8,0xF8,0xF8,0xF8,0xF8,0xF8,0xF8,0xF8,0xF8,0xFE,0xFD,
 285          0xFC,0xFC,0xFC,0xFC,0xF8,0x70,0x06,0x06,0x0C,0x03,0x08,0x0F,0x0C,0x03,0x08,0x0F,
 286          0x00,0x09,0x08,0x0F,0x00,0x00,0x0F,0x01,0x01,0x05,0x02,0x09,0x08,0x0F,0x00,0x01,
 287          0x02,0x04,0x08,0x08,0x0F,0x00,0x00,0x0F,0x05,0x05,0x05,0x05,0x05,0x0F,0x00,0x00,
 288          0x04,0x02,0x02,0x01,0x09,0x0C,0x06,0x03,0x03,0x02,0x04,0x08,0x08,0x00,0x00,0x00,
 289          0x00,0x00,0x00,0x00,0x00,0x00,0x00,0x00,0x00,0x00,0x00,0x00,0x00,0x00,0x00,0x00,
 290          0x00,0x00,0x00,0x00,0x00,0x00,0x00,0x00,0x00,0x00,0x00,0x00,0x00,0x00,0x00,0x00,
 291          0x00,0x00,0x00,0x00,0x00,0x00,0x00,0x00,0x00,0x00,0x00,0x00,0x00,0x00,0x00,0x00,
 292          0x00,0x00,0x00,0x00,0x00,0x00,0x00,0x00,0x00,0x00,0x00,0x00,0x00,0x00,0x00,0x00,
 293          0x08,0x44,0x44,0xC4,0xB8,0x00,0x00,0x00,0x00,0x00,0x00,0x02,0xFA,0x2A,0x2A,0x2A,
 294          0xFE,0x2A,0x2A,0x2A,0xFA,0x02,0x00,0x00,0xC4,0x44,0x44,0xFC,0x60,0x78,0x8E,0x08,
 295          0x88,0x78,0x08,0x00,0x00,0xAC,0x94,0x44,0xF4,0xC4,0xAE,0xB6,0xB4,0xD4,0x0C,0x14,
 296          0x6C,0xC2,0xF2,0x5E,0x42,0xC2,0x00,0x7A,0x5A,0x42,0x42,0x7E,0xC0,0x00,0x00,0x00,
 297          0x00,0x00,0x00,0x00,0x00,0x00,0x00,0x00,0x00,0x00,0x00,0x00,0x00,0x00,0x00,0x00,
 298          0x00,0x00,0x00,0x00,0x00,0x00,0x00,0x00,0x00,0x00,0x00,0x00,0x00,0x00,0x00,0x00,
 299          0x00,0x00,0x00,0x70,0xF8,0xF8,0xF8,0xF8,0xF8,0xF8,0xF8,0xF8,0xF8,0xF8,0xF8,0xF8,
 300          0xF8,0xF8,0xF8,0xF8,0xF8,0xF8,0xF8,0xF8,0xF8,0xF8,0xF8,0xF8,0xF8,0xF8,0xF8,0xF8,
 301          0xFC,0xF8,0xF8,0xFC,0xFF,0x70,0x00,0x00,0x0C,0x0C,0x00,0x10,0x13,0x15,0x0D,0x09,
 302          0x0F,0x09,0x11,0x11,0x13,0x10,0x10,0x00,0x1F,0x08,0x04,0x12,0x10,0x08,0x05,0x06,
C51 COMPILER V9.60.0.0   FONT                                                              08/16/2020 23:48:32 PAGE 6   

 303          0x05,0x08,0x10,0x10,0x01,0x00,0x0E,0x08,0x08,0x08,0x0E,0x08,0x08,0x08,0x08,0x1E,
 304          0x00,0x00,0x1F,0x08,0x08,0x1F,0x00,0x02,0x02,0x12,0x12,0x12,0x1F,0x00,0x00,0x00,
 305          0x00,0x00,0x00,0x00,0x00,0x00,0x00,0x00,0x00,0x00,0x00,0x00,0x00,0x00,0x00,0x00,
 306          0x00,0x00,0x00,0x00,0x00,0x00,0x00,0x00,0x00,0x00,0x00,0x00,0x00,0x00,0x00,0x00,
 307          0x00,0x00,0x00,0x00,0x00,0x00,0x00,0x00,0x00,0x00,0x00,0x00,0x00,0x00,0x00,0x00,
 308          0x00,0x00,0x00,0x00,0x00,0x00,0x00,0x00,0x00,0x00,0x00,0x00,0x00,0x00,0x00,0x00,
 309          0x00,0x00,0x00,0x00,0x00,0x00,0x00,0x00,0x00,0x00,0x00,0x00,0x00,0x00,0x00,0x00,
 310          0x00,0x00,0x00,0x00,0x00,0x00,0x00,0x00,0x00,0x00,0x00,0x00,0x00,0x00,0x00,0x00,
 311          0x00,0x00,0x00,0x00,0x00,0x00,0x00,0x00,0x00,0x00,0x00,0x00,0x00,0x00,0x00,0x00,
 312          0x00,0x00,0x00,0x00,0x00,0x00,0x00,0x00,0x00,0x00,0x00,0x00,0x00,0x00,0x00,0x00,
 313          0x00,0x00,0x00,0x00,0x00,0x00,0x00,0x00,0x00,0x00,0x00,0x00,0x00,0x00,0x00,0x00,
 314          0x00,0x00,0x00,0x00,0x00,0x00,0x00,0x00,0x00,0x00,0x00,0x00,0x00,0x00,0x00,0x00
 315          };


MODULE INFORMATION:   STATIC OVERLAYABLE
   CODE SIZE        =   ----    ----
   CONSTANT SIZE    =   4928    ----
   XDATA SIZE       =   ----    ----
   PDATA SIZE       =   ----    ----
   DATA SIZE        =   ----    ----
   IDATA SIZE       =   ----    ----
   BIT SIZE         =   ----    ----
END OF MODULE INFORMATION.


C51 COMPILATION COMPLETE.  0 WARNING(S),  0 ERROR(S)
