C51 COMPILER V9.60.0.0   IIC                                                               08/16/2020 23:48:32 PAGE 1   


C51 COMPILER V9.60.0.0, COMPILATION OF MODULE IIC
OBJECT MODULE PLACED IN .\Objects\IIC.obj
COMPILER INVOKED BY: D:\KEI5_C51\C51\BIN\C51.EXE IIC\IIC.c LARGE OPTIMIZE(8,SPEED) BROWSE INCDIR(.\IIC;.\OLED;.\JIDIANQI
                    -;.\KEY;.\UART;.\AS608;.\USER) DEBUG OBJECTEXTEND PRINT(.\Listings\IIC.lst) TABS(2) OBJECT(.\Objects\IIC.obj)

line level    source

   1          #include "IIC.h"
   2          
   3          sbit SCL = P2^1;
   4          sbit SDA = P2^0;
   5          
   6          void IIC_delayus(unsigned int us)
   7          {
   8   1        while(us--);
   9   1      }
  10          
  11          
  12          //??
  13          void IIC_Start(){
  14   1        SDA = 1;
  15   1        IIC_delayus(15);
  16   1        SCL = 1;
  17   1        IIC_delayus(15);
  18   1        SDA = 0;
  19   1        IIC_delayus(15);
  20   1      
  21   1      }
  22          //??
  23          void IIC_Respond(){
  24   1        unsigned char i = 0;
  25   1        SCL = 1;
  26   1        IIC_delayus(15);
  27   1        while(SDA == 1 && (i++) < 255);
  28   1         SCL = 0;
  29   1        IIC_delayus(15);
  30   1      
  31   1      }
  32          //??
  33          void IIC_Stop(){
  34   1        SDA = 0;
  35   1        IIC_delayus(15);
  36   1        SCL = 1;
  37   1        IIC_delayus(15);
  38   1        SDA = 1;
  39   1        IIC_delayus(15);
  40   1      
  41   1      }
  42          
  43          void IIC_SendByte(unsigned char dat){
  44   1        unsigned char i;
  45   1        for( i = 0; i < 8; i++){
  46   2            dat = dat << 1;
  47   2            SCL = 0;
  48   2            IIC_delayus(15);
  49   2            SDA = CY;//CY????
  50   2            IIC_delayus(15);
  51   2            SCL = 1;
  52   2            IIC_delayus(15);
  53   2        }
  54   1        
C51 COMPILER V9.60.0.0   IIC                                                               08/16/2020 23:48:32 PAGE 2   

  55   1        SCL = 0;//????????????
  56   1        IIC_delayus(15);
  57   1        SCL = 1;
  58   1        IIC_delayus(15);
  59   1      
  60   1      }
  61          
  62          unsigned char IIC_ReadByte()
  63          {
  64   1        unsigned char i,k;
  65   1        SCL = 0;
  66   1        IIC_delayus(15);
  67   1        SDA = 1;
  68   1        IIC_delayus(15);
  69   1        IIC_delayus(15);
  70   1        for(i = 0; i < 8; i++){
  71   2          SCL = 1;
  72   2          IIC_delayus(15);
  73   2          k = (k << 1) | SDA;
  74   2          SCL =0;
  75   2          IIC_delayus(15);
  76   2        }
  77   1        return k;
  78   1      }
  79          
  80          void At24c02Write(unsigned char address,unsigned char dat){
  81   1        IIC_Start();
  82   1        IIC_SendByte(0xa0);
  83   1        IIC_Respond();
  84   1        IIC_SendByte(address);
  85   1        IIC_Respond();
  86   1        IIC_SendByte(dat);
  87   1        IIC_Respond();
  88   1        IIC_Stop();
  89   1      }
  90          
  91          unsigned char At24c02Read(unsigned char address){
  92   1        unsigned char dat;
  93   1        IIC_Start();
  94   1        IIC_SendByte(0xa0);
  95   1        IIC_Respond();
  96   1        IIC_SendByte(address);
  97   1        IIC_Respond();
  98   1        IIC_Start();
  99   1        IIC_SendByte(0xa1); //???
 100   1        IIC_Respond();
 101   1        dat = IIC_ReadByte();
 102   1        IIC_Respond();
 103   1        IIC_Stop();
 104   1        return dat;
 105   1      
 106   1      }
 107          


MODULE INFORMATION:   STATIC OVERLAYABLE
   CODE SIZE        =    250    ----
   CONSTANT SIZE    =   ----    ----
   XDATA SIZE       =   ----    ----
   PDATA SIZE       =   ----    ----
   DATA SIZE        =   ----    ----
   IDATA SIZE       =   ----    ----
C51 COMPILER V9.60.0.0   IIC                                                               08/16/2020 23:48:32 PAGE 3   

   BIT SIZE         =   ----    ----
END OF MODULE INFORMATION.


C51 COMPILATION COMPLETE.  0 WARNING(S),  0 ERROR(S)
