C51 COMPILER V9.60.0.0   JIDIANQI                                                          08/16/2020 23:48:33 PAGE 1   


C51 COMPILER V9.60.0.0, COMPILATION OF MODULE JIDIANQI
OBJECT MODULE PLACED IN .\Objects\JIDIANQI.obj
COMPILER INVOKED BY: D:\KEI5_C51\C51\BIN\C51.EXE JIDIANQI\JIDIANQI.c LARGE OPTIMIZE(8,SPEED) BROWSE INCDIR(.\IIC;.\OLED;
                    -.\JIDIANQI;.\KEY;.\UART;.\AS608;.\USER) DEBUG OBJECTEXTEND PRINT(.\Listings\JIDIANQI.lst) TABS(2) OBJECT(.\Objects\JIDIA
                    -NQI.obj)

line level    source

   1          
   2          
   3          
   4          #include "JIDIANQI.h"
   5          
   6          sbit ds = P3^2;
   7          
   8          /*延迟ms*/
   9          void JI_Delayms(uint ms)
  10          {
  11   1        uint i,j;
  12   1        
  13   1        for(i = ms; i > 0; i--)
  14   1        {
  15   2          for(j = 110; j > 0; j--);
  16   2        }
  17   1      }
  18          
  19          /*开和关,间隔10s*/
  20          void JI_Open()
  21          {
  22   1        ds = 0;
  23   1        
  24   1        JI_Delayms(5000);
  25   1        
  26   1        ds = 1;
  27   1      }


MODULE INFORMATION:   STATIC OVERLAYABLE
   CODE SIZE        =     42    ----
   CONSTANT SIZE    =   ----    ----
   XDATA SIZE       =   ----    ----
   PDATA SIZE       =   ----    ----
   DATA SIZE        =   ----    ----
   IDATA SIZE       =   ----    ----
   BIT SIZE         =   ----    ----
END OF MODULE INFORMATION.


C51 COMPILATION COMPLETE.  0 WARNING(S),  0 ERROR(S)
