C51 COMPILER V9.60.0.0   KEY                                                               08/16/2020 23:48:32 PAGE 1   


C51 COMPILER V9.60.0.0, COMPILATION OF MODULE KEY
OBJECT MODULE PLACED IN .\Objects\Key.obj
COMPILER INVOKED BY: D:\KEI5_C51\C51\BIN\C51.EXE KEY\Key.c LARGE OPTIMIZE(8,SPEED) BROWSE INCDIR(.\IIC;.\OLED;.\JIDIANQI
                    -;.\KEY;.\UART;.\AS608;.\USER) DEBUG OBJECTEXTEND PRINT(.\Listings\Key.lst) TABS(2) OBJECT(.\Objects\Key.obj)

line level    source

   1          #include "Key.h"
   2          
   3          #define GPIO P1
   4          
   5          unsigned int changeValue(unsigned int keyValue)
   6          {
   7   1        if(keyValue < 3)
   8   1        {
   9   2          keyValue += 1;
  10   2        }
  11   1        else if(keyValue == 3)
  12   1        {
  13   2          keyValue = 10;
  14   2        }
  15   1        else if(keyValue == 7)
  16   1        {
  17   2          keyValue = 11;
  18   2        }
  19   1        else if( 7 < keyValue && keyValue < 11)
  20   1        {
  21   2          keyValue -= 1;
  22   2        }
  23   1        else if (keyValue == 11)
  24   1        {
  25   2          keyValue = 12;
  26   2        }
  27   1        else if(keyValue == 12)
  28   1        {
  29   2          keyValue = 14;
  30   2        }
  31   1        else if(keyValue == 13)
  32   1        {
  33   2          keyValue = 0;
  34   2        }
  35   1        else if(keyValue == 14)
  36   1        {
  37   2          keyValue = 15;
  38   2        }
  39   1        else if(keyValue == 15)
  40   1        {
  41   2          keyValue = 13;
  42   2        }
  43   1        
  44   1        return keyValue;
  45   1      }
  46          
  47          unsigned int KeyScan()
  48          {
  49   1        unsigned int i,keyValue = 16;
  50   1        GPIO = 0x0f;
  51   1        
  52   1        if(GPIO != 0x0f)
  53   1        {
  54   2          i = 1000;
C51 COMPILER V9.60.0.0   KEY                                                               08/16/2020 23:48:32 PAGE 2   

  55   2          while(i--);
  56   2          GPIO = 0x0f;
  57   2          if(GPIO != 0x0f)
  58   2          {
  59   3              switch(GPIO)
  60   3              {
  61   4                case 0x07:
  62   4                  keyValue = 0;break;
  63   4                case 0x0b:
  64   4                  keyValue = 1;break;
  65   4                case 0x0d:
  66   4                  keyValue = 2;break;
  67   4                case 0x0e:
  68   4                  keyValue = 3;break;
  69   4              }
  70   3            
  71   3            GPIO = 0xf0;
  72   3            switch(GPIO)
  73   3            {
  74   4                case 0x70:
  75   4                  keyValue += 0;break;
  76   4                case 0xb0:
  77   4                  keyValue += 4;break;
  78   4                case 0xd0:
  79   4                  keyValue += 8;break;
  80   4                case 0xe0:
  81   4                  keyValue += 12;break;
  82   4            }
  83   3            
  84   3            i = 100;
  85   3            while(GPIO != 0xf0 && i > 0)
  86   3            {
  87   4              i--;
  88   4            }
  89   3          }
  90   2          
  91   2        }
  92   1        if(keyValue != 16)
  93   1        {
  94   2          keyValue = changeValue(keyValue);
  95   2        }
  96   1        return keyValue;
  97   1      }
  98          


MODULE INFORMATION:   STATIC OVERLAYABLE
   CODE SIZE        =    353    ----
   CONSTANT SIZE    =   ----    ----
   XDATA SIZE       =   ----       4
   PDATA SIZE       =   ----    ----
   DATA SIZE        =   ----    ----
   IDATA SIZE       =   ----    ----
   BIT SIZE         =   ----    ----
END OF MODULE INFORMATION.


C51 COMPILATION COMPLETE.  0 WARNING(S),  0 ERROR(S)
