C51 COMPILER V9.60.0.0   MAIN                                                              08/16/2020 23:48:31 PAGE 1   


C51 COMPILER V9.60.0.0, COMPILATION OF MODULE MAIN
OBJECT MODULE PLACED IN .\Objects\main.obj
COMPILER INVOKED BY: D:\KEI5_C51\C51\BIN\C51.EXE USER\main.c LARGE OPTIMIZE(8,SPEED) BROWSE INCDIR(.\IIC;.\OLED;.\JIDIAN
                    -QI;.\KEY;.\UART;.\AS608;.\USER) DEBUG OBJECTEXTEND PRINT(.\Listings\main.lst) TABS(2) OBJECT(.\Objects\main.obj)

line level    source

   1          #include "Operate.h"
   2          
   3          void main()
   4          {
   5   1        bit sta;
   6   1        OLED_Init();
   7   1        PWD_Read();
   8   1        UART_Init();
   9   1        
  10   1        sta = Check_Dev();
  11   1      
  12   1        
  13   1        while(1)
  14   1        {
  15   2          door_Select();
  16   2        }
  17   1      }


MODULE INFORMATION:   STATIC OVERLAYABLE
   CODE SIZE        =     19    ----
   CONSTANT SIZE    =   ----    ----
   XDATA SIZE       =   ----    ----
   PDATA SIZE       =   ----    ----
   DATA SIZE        =   ----    ----
   IDATA SIZE       =   ----    ----
   BIT SIZE         =   ----       1
END OF MODULE INFORMATION.


C51 COMPILATION COMPLETE.  0 WARNING(S),  0 ERROR(S)
