C51 COMPILER V9.60.0.0   OLED_IIC                                                          08/16/2020 23:48:32 PAGE 1   


C51 COMPILER V9.60.0.0, COMPILATION OF MODULE OLED_IIC
OBJECT MODULE PLACED IN .\Objects\OLED_IIC.obj
COMPILER INVOKED BY: D:\KEI5_C51\C51\BIN\C51.EXE OLED\OLED_IIC.c LARGE OPTIMIZE(8,SPEED) BROWSE INCDIR(.\IIC;.\OLED;.\JI
                    -DIANQI;.\KEY;.\UART;.\AS608;.\USER) DEBUG OBJECTEXTEND PRINT(.\Listings\OLED_IIC.lst) TABS(2) OBJECT(.\Objects\OLED_IIC.
                    -obj)

line level    source

   1          
   2          #include "OLED_IIC.h"
   3          
   4          sbit SCL = P3^6;
   5          sbit SDA = P3^7;
   6          
   7          void OLED_IIC_Start()
   8          {
   9   1        SCL = 1;
  10   1        SDA = 1;
  11   1        _nop_();
  12   1        SDA = 0;
  13   1        _nop_();
  14   1        SCL = 0;
  15   1      }
  16          
  17          void OLED_IIC_Stop()
  18          {
  19   1        SCL = 0;
  20   1        SDA = 0;
  21   1        _nop_();
  22   1        SCL = 1;
  23   1        SDA = 1;
  24   1        _nop_();
  25   1      }
  26          
  27          void Write_IIC_Command(uchar cmd)
  28          {
  29   1        OLED_IIC_Start();
  30   1        Write_IIC_Byte(0x78); //OLED??
  31   1        Write_IIC_Byte(0x00);
  32   1        Write_IIC_Byte(cmd);  
  33   1        OLED_IIC_Stop();
  34   1      }
  35          
  36          void Write_IIC_Data(uchar dat)
  37          {
  38   1        OLED_IIC_Start();
  39   1        Write_IIC_Byte(0x78); //OLED??
  40   1        Write_IIC_Byte(0x40);
  41   1        Write_IIC_Byte(dat);  
  42   1        OLED_IIC_Stop();
  43   1      }
  44          
  45          void Write_IIC_Byte(uchar dat)
  46          {
  47   1        uchar i;
  48   1        
  49   1        for(i = 0; i < 8; i++)
  50   1        {
  51   2          dat <<= 1;
  52   2          SDA = CY; //CY?????
  53   2          
C51 COMPILER V9.60.0.0   OLED_IIC                                                          08/16/2020 23:48:32 PAGE 2   

  54   2          SCL = 1;
  55   2          _nop_();
  56   2          SCL = 0;
  57   2          _nop_();
  58   2          _nop_();
  59   2        }
  60   1        
  61   1        SDA = 1;
  62   1        SCL = 1;
  63   1        _nop_();
  64   1        SCL = 0;
  65   1        _nop_();
  66   1      }


MODULE INFORMATION:   STATIC OVERLAYABLE
   CODE SIZE        =    110    ----
   CONSTANT SIZE    =   ----    ----
   XDATA SIZE       =   ----       2
   PDATA SIZE       =   ----    ----
   DATA SIZE        =   ----    ----
   IDATA SIZE       =   ----    ----
   BIT SIZE         =   ----    ----
END OF MODULE INFORMATION.


C51 COMPILATION COMPLETE.  0 WARNING(S),  0 ERROR(S)
